<?xml version="1.0" encoding="UTF-8"?>
<testsuite name="com.example.project.TestMain" tests="14" skipped="0" failures="0" errors="0" timestamp="2025-02-07T04:54:16" hostname="codespaces-4b60aa" time="0.239">
  <properties/>
  <testcase name="testNotAlone()" classname="com.example.project.TestMain" time="0.099"/>
  <testcase name="TestShiftLeft()" classname="com.example.project.TestMain" time="0.007"/>
  <testcase name="testParseSentence()" classname="com.example.project.TestMain" time="0.012"/>
  <testcase name="testRemoveDuplicates()" classname="com.example.project.TestMain" time="0.002"/>
  <testcase name="testFix34()" classname="com.example.project.TestMain" time="0.002"/>
  <testcase name="testMode()" classname="com.example.project.TestMain" time="0.011"/>
  <testcase name="testSameFirstLast()" classname="com.example.project.TestMain" time="0.002"/>
  <testcase name="testSwapEnds()" classname="com.example.project.TestMain" time="0.008"/>
  <testcase name="testZeroFront()" classname="com.example.project.TestMain" time="0.006"/>
  <testcase name="testRemove3()" classname="com.example.project.TestMain" time="0.001"/>
  <testcase name="testReverseArray()" classname="com.example.project.TestMain" time="0.004"/>
  <testcase name="testInsertAfterI()" classname="com.example.project.TestMain" time="0.001"/>
  <testcase name="testMoveBWords()" classname="com.example.project.TestMain" time="0.001"/>
  <testcase name="testDuplicateUpperEnd()" classname="com.example.project.TestMain" time="0.006"/>
  <system-out><![CDATA[[6, 2, 5, 3][1, 2][1]is a sentence!
a sentence!
sentence!
is another random sentence! It is slightly longer.
another random sentence! It is slightly longer.
random sentence! It is slightly longer.
sentence! It is slightly longer.
It is slightly longer.
is slightly longer.
slightly longer.
longer.
]]></system-out>
  <system-err><![CDATA[]]></system-err>
</testsuite>
